<?xml version="1.0" encoding="UTF-8"?>
<testng-results ignored="0" total="1" passed="1" failed="0" skipped="0">
  <reporter-output>
  </reporter-output>
  <suite started-at="2021-12-10T23:00:11 BDT" name="Default suite" finished-at="2021-12-10T23:00:30 BDT" duration-ms="18631">
    <groups>
    </groups>
    <test started-at="2021-12-10T23:00:11 BDT" name="Default test" finished-at="2021-12-10T23:00:30 BDT" duration-ms="18631">
      <class name="testCases.TC_008_Login">
        <test-method is-config="true" signature="setDriver()[pri:0, instance:testCases.TC_008_Login@66f57048]" started-at="2021-12-10T23:00:08 BDT" name="setDriver" finished-at="2021-12-10T23:00:11 BDT" duration-ms="3282" status="PASS">
          <reporter-output>
          </reporter-output>
        </test-method> <!-- setDriver -->
        <test-method signature="locateElement()[pri:0, instance:testCases.TC_008_Login@66f57048]" started-at="2021-12-10T23:00:11 BDT" name="locateElement" finished-at="2021-12-10T23:00:30 BDT" duration-ms="18580" status="PASS">
          <reporter-output>
          </reporter-output>
        </test-method> <!-- locateElement -->
        <test-method is-config="true" signature="close()[pri:0, instance:testCases.TC_008_Login@66f57048]" started-at="2021-12-10T23:00:30 BDT" name="close" finished-at="2021-12-10T23:00:30 BDT" duration-ms="250" status="PASS">
          <reporter-output>
          </reporter-output>
        </test-method> <!-- close -->
      </class> <!-- testCases.TC_008_Login -->
    </test> <!-- Default test -->
  </suite> <!-- Default suite -->
</testng-results>
